[2025-05-12T10:49:36.192Z] [INFO] Starting AI system...
[2025-05-12T10:49:37.513Z] [ERROR] Fatal error during startup: undefined
[2025-05-12T10:51:15.812Z] [INFO] Starting AI system...
[2025-05-12T10:51:17.462Z] [ERROR] Fatal error during startup: undefined
[2025-05-12T11:04:35.223Z] [INFO] Starting AI system...
[2025-05-12T11:04:36.526Z] [ERROR] Fatal error during startup: undefined
[2025-05-12T11:09:28.138Z] [INFO] Starting AI system...
[2025-05-12T11:09:29.445Z] [ERROR] Fatal error during startup: undefined
[2025-05-12T11:11:13.624Z] [INFO] Starting AI system...
[2025-05-12T11:11:14.860Z] [INFO] Discord bot started.
[2025-05-12T11:11:14.874Z] [ERROR] Fatal error during startup: Error: connect ECONNREFUSED 127.0.0.1:4455
    at _class.onError (D:\PERSONAL PROJECTS FOR GITHUB\NEURO\node_modules\obs-websocket-js\dist\chunk-RL7MGYX4.cjs:330:19)
    at callListener (D:\PERSONAL PROJECTS FOR GITHUB\NEURO\node_modules\ws\lib\event-target.js:290:14)
    at WebSocket.onError (D:\PERSONAL PROJECTS FOR GITHUB\NEURO\node_modules\ws\lib\event-target.js:230:9)
    at WebSocket.emit (node:events:519:28)
    at emitErrorAndClose (D:\PERSONAL PROJECTS FOR GITHUB\NEURO\node_modules\ws\lib\websocket.js:1041:13)
    at ClientRequest.<anonymous> (D:\PERSONAL PROJECTS FOR GITHUB\NEURO\node_modules\ws\lib\websocket.js:881:5)
    at ClientRequest.emit (node:events:519:28)
    at Socket.socketErrorListener (node:_http_client:500:9)
    at Socket.emit (node:events:519:28)
    at emitErrorNT (node:internal/streams/destroy:169:8)
[2025-05-12T11:12:41.734Z] [INFO] Starting AI system...
[2025-05-12T11:12:43.057Z] [INFO] Discord bot started.
[2025-05-12T11:12:43.075Z] [ERROR] Fatal error during startup: Error: connect ECONNREFUSED 127.0.0.1:4455
    at _class.onError (D:\PERSONAL PROJECTS FOR GITHUB\NEURO\node_modules\obs-websocket-js\dist\chunk-RL7MGYX4.cjs:330:19)
    at callListener (D:\PERSONAL PROJECTS FOR GITHUB\NEURO\node_modules\ws\lib\event-target.js:290:14)
    at WebSocket.onError (D:\PERSONAL PROJECTS FOR GITHUB\NEURO\node_modules\ws\lib\event-target.js:230:9)
    at WebSocket.emit (node:events:519:28)
    at emitErrorAndClose (D:\PERSONAL PROJECTS FOR GITHUB\NEURO\node_modules\ws\lib\websocket.js:1041:13)
    at ClientRequest.<anonymous> (D:\PERSONAL PROJECTS FOR GITHUB\NEURO\node_modules\ws\lib\websocket.js:881:5)
    at ClientRequest.emit (node:events:519:28)
    at Socket.socketErrorListener (node:_http_client:500:9)
    at Socket.emit (node:events:519:28)
    at emitErrorNT (node:internal/streams/destroy:169:8)
[2025-05-12T11:14:42.629Z] [INFO] Starting AI system...
[2025-05-12T11:14:43.894Z] [INFO] Discord bot started.
[2025-05-12T11:14:43.895Z] [INFO] AI system is fully operational.
[2025-05-12T11:24:49.430Z] [INFO] Starting AI system...
[2025-05-12T11:24:51.480Z] [INFO] Discord bot started.
[2025-05-12T11:24:51.481Z] [INFO] AI system is fully operational.
[2025-05-12T11:26:24.162Z] [INFO] Starting AI system...
[2025-05-12T11:26:25.540Z] [INFO] Discord bot started.
[2025-05-12T11:26:25.541Z] [INFO] AI system is fully operational.
[2025-05-12T11:35:56.740Z] [INFO] Starting AI system...
[2025-05-12T11:35:58.002Z] [INFO] Discord bot started.
[2025-05-12T11:35:58.003Z] [INFO] AI system is fully operational.
[2025-05-12T11:47:22.806Z] [INFO] Starting AI system...
[2025-05-12T11:47:24.048Z] [INFO] Discord bot started.
[2025-05-12T11:47:24.049Z] [INFO] AI system is fully operational.
[2025-05-12T11:50:14.560Z] [INFO] Starting AI system...
[2025-05-12T11:50:15.782Z] [INFO] Discord bot started.
[2025-05-12T11:50:15.783Z] [INFO] AI system is fully operational.
[2025-05-12T11:51:36.479Z] [INFO] Starting AI system...
[2025-05-12T11:51:37.723Z] [INFO] Discord bot started.
[2025-05-12T11:51:37.724Z] [INFO] AI system is fully operational.
[2025-05-12T11:53:08.552Z] [INFO] Starting AI system...
[2025-05-12T11:53:09.820Z] [INFO] Discord bot started.
[2025-05-12T11:53:09.820Z] [INFO] AI system is fully operational.
[2025-05-12T11:54:09.540Z] [INFO] Starting AI system...
[2025-05-12T11:54:10.836Z] [INFO] Discord bot started.
[2025-05-12T11:54:10.837Z] [INFO] AI system is fully operational.
[2025-05-12T11:54:18.434Z] [INFO] [Discord] zeuntx_: <@1364510476234657842> test => Sorry, I couldn't generate a response.
[2025-05-12T12:30:08.019Z] [INFO] Starting AI system...
[2025-05-12T12:30:09.484Z] [INFO] Discord bot started.
[2025-05-12T12:30:09.485Z] [INFO] AI system is fully operational.
[2025-05-12T12:30:19.195Z] [INFO] [Discord] zeuntx_: <@1364510476234657842> testing => Sorry, I couldn't generate a response.
[2025-05-12T12:31:35.486Z] [INFO] Starting AI system...
[2025-05-12T12:31:36.886Z] [INFO] Discord bot started.
[2025-05-12T12:31:36.886Z] [INFO] AI system is fully operational.
[2025-05-12T14:52:25.621Z] [INFO] Starting AI system...
[2025-05-12T14:52:26.926Z] [INFO] Discord bot started.
[2025-05-12T14:52:26.927Z] [INFO] AI system is fully operational.
[2025-05-12T14:53:00.732Z] [INFO] [Discord] zeuntx_: <@1364510476234657842> test => Sorry, I couldn't generate a response.
[2025-05-12T15:01:32.156Z] [INFO] Starting AI system...
[2025-05-12T15:01:34.674Z] [INFO] Discord bot started.
[2025-05-12T15:01:34.675Z] [INFO] AI system is fully operational.
[2025-05-12T15:01:43.680Z] [INFO] [Discord] zeuntx_: <@1364510476234657842> test => Sorry, I couldn't generate a response.
[2025-05-12T15:09:23.517Z] [INFO] Starting AI system...
[2025-05-12T15:09:25.230Z] [INFO] Discord bot started.
[2025-05-12T15:09:25.231Z] [INFO] AI system is fully operational.
[2025-05-12T15:09:32.719Z] [INFO] [Discord] zeuntx_: <@1364510476234657842> test => Sorry, I couldn't generate a response.
[2025-05-12T15:12:10.511Z] [INFO] Starting AI system...
[2025-05-12T15:12:11.743Z] [INFO] Discord bot started.
[2025-05-12T15:12:11.744Z] [INFO] AI system is fully operational.
[2025-05-12T15:17:10.442Z] [INFO] Starting AI system...
[2025-05-12T15:17:11.673Z] [INFO] Discord bot started.
[2025-05-12T15:17:11.674Z] [INFO] AI system is fully operational.
[2025-05-12T15:26:01.083Z] [INFO] Starting AI system...
[2025-05-12T15:26:02.447Z] [INFO] Discord bot started.
[2025-05-12T15:26:02.448Z] [INFO] AI system is fully operational.
[2025-05-12T15:26:16.176Z] [INFO] [Discord] zeuntx_: <@1364510476234657842> test => Sorry, I couldn't generate a response.
[2025-05-12T15:27:46.182Z] [INFO] Starting AI system...
[2025-05-12T15:27:47.435Z] [INFO] Discord bot started.
[2025-05-12T15:27:47.436Z] [INFO] AI system is fully operational.
[2025-05-12T15:27:59.610Z] [INFO] [Discord] zeuntx_: <@1364510476234657842> how are you doing => Sorry, I couldn't generate a response.
[2025-05-12T15:31:05.543Z] [INFO] Starting AI system...
[2025-05-12T15:31:06.856Z] [INFO] Discord bot started.
[2025-05-12T15:31:06.857Z] [INFO] AI system is fully operational.
[2025-05-12T15:32:20.874Z] [INFO] Starting AI system...
[2025-05-12T15:32:22.653Z] [INFO] Discord bot started.
[2025-05-12T15:32:22.654Z] [INFO] AI system is fully operational.
[2025-05-12T15:33:31.879Z] [INFO] Starting AI system...
[2025-05-12T15:33:33.147Z] [INFO] Discord bot started.
[2025-05-12T15:33:33.148Z] [INFO] AI system is fully operational.
[2025-05-12T15:36:33.546Z] [INFO] Starting AI system...
[2025-05-12T15:36:34.833Z] [INFO] Discord bot started.
[2025-05-12T15:36:34.833Z] [INFO] AI system is fully operational.
[2025-05-12T15:38:19.012Z] [INFO] Starting AI system...
[2025-05-12T15:38:20.520Z] [INFO] Discord bot started.
[2025-05-12T15:38:20.521Z] [INFO] AI system is fully operational.
[2025-05-12T15:39:25.735Z] [INFO] Starting AI system...
[2025-05-12T15:39:26.978Z] [INFO] Discord bot started.
[2025-05-12T15:39:26.979Z] [INFO] AI system is fully operational.
[2025-05-12T15:43:32.487Z] [INFO] Starting AI system...
[2025-05-12T15:43:35.986Z] [INFO] Discord bot started.
[2025-05-12T15:43:35.987Z] [INFO] AI system is fully operational.
[2025-05-12T15:49:34.990Z] [INFO] API server listening on port 3000
[2025-05-12T15:49:55.163Z] [INFO] Starting AI system...
[2025-05-12T15:49:56.461Z] [INFO] Discord bot started.
[2025-05-12T15:49:56.462Z] [INFO] AI system is fully operational.
[2025-05-12T15:51:45.708Z] [INFO] API server listening on port 3000
[2025-05-12T15:52:39.379Z] [INFO] Starting AI system...
[2025-05-12T15:52:40.668Z] [INFO] Discord bot started.
[2025-05-12T15:52:40.669Z] [INFO] AI system is fully operational.
[2025-05-12T15:56:52.642Z] [INFO] Starting AI system...
[2025-05-12T15:56:53.891Z] [INFO] Discord bot started.
[2025-05-12T15:56:53.892Z] [INFO] AI system is fully operational.
[2025-05-12T15:57:30.783Z] [INFO] [Discord] zeuntx_: <@1364510476234657842> hi proxy => Sorry, I couldn't generate a response.
[2025-05-12T16:00:30.440Z] [INFO] Starting AI system...
[2025-05-12T16:00:32.512Z] [INFO] Discord bot started.
[2025-05-12T16:00:32.513Z] [INFO] AI system is fully operational.
[2025-05-12T16:02:23.317Z] [INFO] [Discord] zeuntx_: <@1364510476234657842> tell me something => I apologize, but I'm taking too long to respond. Please try again.
[2025-05-12T16:03:06.128Z] [INFO] [Discord] zeuntx_: <@1364510476234657842> proxy => I apologize, but I'm taking too long to respond. Please try again.
[2025-05-12T16:03:58.967Z] [INFO] [Discord] zeuntx_: <@1364510476234657842> test => I apologize, but I'm taking too long to respond. Please try again.
[2025-05-12T16:07:27.464Z] [INFO] Starting AI system...
[2025-05-12T16:07:28.691Z] [INFO] Discord bot started.
[2025-05-12T16:07:28.692Z] [INFO] AI system is fully operational.
[2025-05-12T16:10:36.592Z] [INFO] [Discord] zeuntx_: <@1364510476234657842> hello => I apologize, but I'm taking too long to respond. Please try again.
[2025-05-12T16:14:43.105Z] [INFO] Starting AI system...
[2025-05-12T16:14:44.458Z] [INFO] Discord bot started.
[2025-05-12T16:14:44.459Z] [INFO] AI system is fully operational.
[2025-05-12T16:16:03.946Z] [INFO] [Discord] zeuntx_: <@1364510476234657842> hi => I apologize, but I'm taking too long to respond. Please try again.
[2025-05-12T16:18:07.549Z] [INFO] Starting AI system...
[2025-05-12T16:18:08.845Z] [INFO] Discord bot started.
[2025-05-12T16:18:08.846Z] [INFO] AI system is fully operational.
[2025-05-12T16:19:26.499Z] [INFO] [Discord] zeuntx_: <@1364510476234657842> Hello, how are you? => I apologize, but I'm taking too long to respond. Please try again.
[2025-05-12T16:33:57.212Z] [INFO] Starting AI system...
[2025-05-12T16:33:58.468Z] [INFO] Discord bot started.
[2025-05-12T16:33:58.469Z] [INFO] AI system is fully operational.
[2025-05-12T16:35:08.426Z] [INFO] [Discord] zeuntx_: <@1364510476234657842> test => I apologize but I'm taking too long to respond. Please try again.
[2025-05-13T05:53:34.819Z] [INFO] Starting AI system...
[2025-05-13T05:53:36.152Z] [INFO] Discord bot started.
[2025-05-13T05:53:36.153Z] [INFO] AI system is fully operational.
[2025-05-13T05:54:09.519Z] [INFO] [Discord] zeuntx_: <@1364510476234657842> test => I apologize but I'm taking too long to respond. Please try again.
[2025-05-13T05:58:45.912Z] [INFO] Starting AI system...
[2025-05-13T05:58:47.414Z] [INFO] Discord bot started.
[2025-05-13T05:58:47.415Z] [INFO] AI system is fully operational.
[2025-05-13T06:00:44.404Z] [INFO] [Discord] zeuntx_: <@1364510476234657842> test => I apologize but I'm taking too long to respond. Please try again.
[2025-05-13T06:01:32.793Z] [INFO] [Discord] zeuntx_: <@1364510476234657842> again test => I apologize but I'm taking too long to respond. Please try again.
[2025-05-13T06:05:50.922Z] [INFO] Starting AI system...
[2025-05-13T06:05:52.395Z] [INFO] Discord bot started.
[2025-05-13T06:05:52.396Z] [INFO] AI system is fully operational.
[2025-05-13T06:07:09.438Z] [INFO] [Discord] zeuntx_: <@1364510476234657842> hello world => I apologize but I'm taking too long to respond. Please try again.
[2025-05-13T06:07:49.045Z] [INFO] [Discord] zeuntx_: <@1364510476234657842> how are you doing? => I apologize but I'm taking too long to respond. Please try again.
[2025-05-13T06:16:30.669Z] [INFO] Starting AI system...
[2025-05-13T06:16:32.290Z] [INFO] Discord bot started.
[2025-05-13T06:16:32.291Z] [INFO] AI system is fully operational.
[2025-05-13T06:20:28.285Z] [INFO] [Discord] zeuntx_: <@1364510476234657842> test => I apologize but I'm taking too long to respond. Please try again.
[2025-05-13T06:21:07.935Z] [INFO] [Discord] zeuntx_: <@1364510476234657842> hello world => I apologize but I'm taking too long to respond. Please try again.
[2025-05-13T06:47:47.123Z] [INFO] Starting AI system...
[2025-05-13T06:47:48.476Z] [INFO] Discord bot started.
[2025-05-13T06:47:48.477Z] [INFO] AI system is fully operational.
[2025-05-13T06:52:22.354Z] [INFO] [Discord] zeuntx_: <@1364510476234657842> hey => I apologize but I'm taking too long to respond. Please try again.
